<?xml version="1.0" encoding="UTF-8"?>
<!-- Generated by org.testng.reporters.JUnitReportReporter -->
<testsuite hostname="DESKTOP-0H2MMO1" failures="0" tests="5" name="payTabs.apiValidation.ValidateApi" time="7.980" errors="0" timestamp="2022-09-12T10:39:20 IST" skipped="1">
  <testcase classname="payTabs.apiValidation.ValidateApi" name="createUser" time="6.578"/>
  <system-out/>
  <testcase classname="payTabs.apiValidation.ValidateApi" name="deleteEmployee" time="0.637"/>
  <system-out/>
  <testcase classname="payTabs.apiValidation.ValidateApi" name="updateJob" time="0.499"/>
  <system-out/>
  <testcase classname="payTabs.apiValidation.ValidateApi" name="validateInvalidUser" time="0.266"/>
  <system-out/>
  <testcase classname="payTabs.apiValidation.ValidateApi" name="getAllUsers">
    <skipped/>
  </testcase> <!-- getAllUsers -->
  <system-out/>
</testsuite> <!-- payTabs.apiValidation.ValidateApi -->
